<?xml version="1.0" encoding="UTF-8"?>
<testng-results skipped="0" failed="0" ignored="0" total="2" passed="2">
  <reporter-output>
  </reporter-output>
  <suite name="com.qa.test.DemoTest" duration-ms="85" started-at="2019-09-30T12:51:35 IST" finished-at="2019-09-30T12:51:35 IST">
    <groups>
    </groups>
    <test name="Command line test" duration-ms="85" started-at="2019-09-30T12:51:35 IST" finished-at="2019-09-30T12:51:35 IST">
      <class name="com.qa.test.DemoTest">
        <test-method status="PASS" signature="sub()[pri:0, instance:com.qa.test.DemoTest@29ee9faa]" name="sub" duration-ms="22" started-at="2019-09-30T12:51:35 IST" finished-at="2019-09-30T12:51:35 IST">
          <reporter-output>
          </reporter-output>
        </test-method> <!-- sub -->
        <test-method status="PASS" signature="sum()[pri:0, instance:com.qa.test.DemoTest@29ee9faa]" name="sum" duration-ms="0" started-at="2019-09-30T12:51:35 IST" finished-at="2019-09-30T12:51:35 IST">
          <reporter-output>
          </reporter-output>
        </test-method> <!-- sum -->
      </class> <!-- com.qa.test.DemoTest -->
    </test> <!-- Command line test -->
  </suite> <!-- com.qa.test.DemoTest -->
</testng-results>
